<?xml version="1.0" encoding="UTF-8"?>
<!-- Generated by org.testng.reporters.JUnitReportReporter -->
<testsuite skipped="0" hostname="DESKTOP-HEAJH3M" name="WebTests" tests="4" failures="0" timestamp="2021-12-01T15:04:42 IST" time="12.210" errors="0">
  <testcase name="loginToGrafana" time="4.574" classname="WebTests"/>
  <system-out/>
  <testcase name="addNewUser" time="2.379" classname="WebTests"/>
  <system-out/>
  <testcase name="checkNumberOfAllPlugins" time="3.850" classname="WebTests"/>
  <system-out/>
  <testcase name="deleteUser" time="1.407" classname="WebTests"/>
  <system-out/>
</testsuite> <!-- WebTests -->
